The system is: Windows - 10.0.22000 - AMD64
Compiling the C compiler identification source file "CMakeCCompilerId.c" succeeded.
Compiler:  
Build flags: 
Id flags:  

The output was:
0
Microsoft (R) Build Engine for .NET Framework 16.11.2+f32259642 版
Copyright (C) Microsoft Corporation. 著作權所有，並保留一切權利。

已經開始建置於 2022/1/7 下午 03:31:10。
節點 1 (預設目標) 上的專案 "D:\SDK\Release\vatek_sdk_2\extend\obs-vatek\bin\CMakeFiles\3.22.1\CompilerIdC\CompilerIdC.vcxproj"。
PrepareForBuild:
  正在建立目錄 "Debug\"。
  正在建立目錄 "Debug\CompilerIdC.tlog\"。
InitializeBuildStatus:
  由於指定了 "AlwaysCreate"，因此正在建立 "Debug\CompilerIdC.tlog\unsuccessfulbuild"。
ClCompile:
  C:\Program Files (x86)\Microsoft Visual Studio\2019\Community\VC\Tools\MSVC\14.29.30133\bin\HostX64\x64\CL.exe /c /nologo /W0 /WX- /diagnostics:column /Od /D _MBCS /Gm- /EHsc /RTC1 /MDd /GS /fp:precise /Zc:wchar_t /Zc:forScope /Zc:inline /Fo"Debug\\" /Fd"Debug\vc142.pdb" /external:W0 /Gd /TC /FC /errorReport:queue CMakeCCompilerId.c
  CMakeCCompilerId.c
Link:
  C:\Program Files (x86)\Microsoft Visual Studio\2019\Community\VC\Tools\MSVC\14.29.30133\bin\HostX64\x64\link.exe /ERRORREPORT:QUEUE /OUT:".\CompilerIdC.exe" /INCREMENTAL:NO /NOLOGO kernel32.lib user32.lib gdi32.lib winspool.lib comdlg32.lib advapi32.lib shell32.lib ole32.lib oleaut32.lib uuid.lib odbc32.lib odbccp32.lib /MANIFEST /MANIFESTUAC:"level='asInvoker' uiAccess='false'" /manifest:embed /PDB:".\CompilerIdC.pdb" /SUBSYSTEM:CONSOLE /TLBID:1 /DYNAMICBASE /NXCOMPAT /IMPLIB:".\CompilerIdC.lib" /MACHINE:X64 Debug\CMakeCCompilerId.obj
  CompilerIdC.vcxproj -> D:\SDK\Release\vatek_sdk_2\extend\obs-vatek\bin\CMakeFiles\3.22.1\CompilerIdC\CompilerIdC.exe
PostBuildEvent:
  for %%i in (cl.exe) do @echo CMAKE_C_COMPILER=%%~$PATH:i
  :VCEnd
  CMAKE_C_COMPILER=C:\Program Files (x86)\Microsoft Visual Studio\2019\Community\VC\Tools\MSVC\14.29.30133\bin\Hostx64\x64\cl.exe
FinalizeBuildStatus:
  正在刪除檔案 "Debug\CompilerIdC.tlog\unsuccessfulbuild"。
  正在變更時間戳記 "Debug\CompilerIdC.tlog\CompilerIdC.lastbuildstate"。
專案 "D:\SDK\Release\vatek_sdk_2\extend\obs-vatek\bin\CMakeFiles\3.22.1\CompilerIdC\CompilerIdC.vcxproj" (預設目標) 建置完成。

建置成功。
    0 個警告
    0 個錯誤

經過時間 00:00:01.41


Compilation of the C compiler identification source "CMakeCCompilerId.c" produced "CompilerIdC.exe"

Compilation of the C compiler identification source "CMakeCCompilerId.c" produced "CompilerIdC.vcxproj"

The C compiler identification is MSVC, found in "D:/SDK/Release/vatek_sdk_2/extend/obs-vatek/bin/CMakeFiles/3.22.1/CompilerIdC/CompilerIdC.exe"

Compiling the CXX compiler identification source file "CMakeCXXCompilerId.cpp" succeeded.
Compiler:  
Build flags: 
Id flags:  

The output was:
0
Microsoft (R) Build Engine for .NET Framework 16.11.2+f32259642 版
Copyright (C) Microsoft Corporation. 著作權所有，並保留一切權利。

已經開始建置於 2022/1/7 下午 03:31:12。
節點 1 (預設目標) 上的專案 "D:\SDK\Release\vatek_sdk_2\extend\obs-vatek\bin\CMakeFiles\3.22.1\CompilerIdCXX\CompilerIdCXX.vcxproj"。
PrepareForBuild:
  正在建立目錄 "Debug\"。
  正在建立目錄 "Debug\CompilerIdCXX.tlog\"。
InitializeBuildStatus:
  由於指定了 "AlwaysCreate"，因此正在建立 "Debug\CompilerIdCXX.tlog\unsuccessfulbuild"。
ClCompile:
  C:\Program Files (x86)\Microsoft Visual Studio\2019\Community\VC\Tools\MSVC\14.29.30133\bin\HostX64\x64\CL.exe /c /nologo /W0 /WX- /diagnostics:column /Od /D _MBCS /Gm- /EHsc /RTC1 /MDd /GS /fp:precise /Zc:wchar_t /Zc:forScope /Zc:inline /Fo"Debug\\" /Fd"Debug\vc142.pdb" /external:W0 /Gd /TP /FC /errorReport:queue CMakeCXXCompilerId.cpp
  CMakeCXXCompilerId.cpp
Link:
  C:\Program Files (x86)\Microsoft Visual Studio\2019\Community\VC\Tools\MSVC\14.29.30133\bin\HostX64\x64\link.exe /ERRORREPORT:QUEUE /OUT:".\CompilerIdCXX.exe" /INCREMENTAL:NO /NOLOGO kernel32.lib user32.lib gdi32.lib winspool.lib comdlg32.lib advapi32.lib shell32.lib ole32.lib oleaut32.lib uuid.lib odbc32.lib odbccp32.lib /MANIFEST /MANIFESTUAC:"level='asInvoker' uiAccess='false'" /manifest:embed /PDB:".\CompilerIdCXX.pdb" /SUBSYSTEM:CONSOLE /TLBID:1 /DYNAMICBASE /NXCOMPAT /IMPLIB:".\CompilerIdCXX.lib" /MACHINE:X64 Debug\CMakeCXXCompilerId.obj
  CompilerIdCXX.vcxproj -> D:\SDK\Release\vatek_sdk_2\extend\obs-vatek\bin\CMakeFiles\3.22.1\CompilerIdCXX\CompilerIdCXX.exe
PostBuildEvent:
  for %%i in (cl.exe) do @echo CMAKE_CXX_COMPILER=%%~$PATH:i
  :VCEnd
  CMAKE_CXX_COMPILER=C:\Program Files (x86)\Microsoft Visual Studio\2019\Community\VC\Tools\MSVC\14.29.30133\bin\Hostx64\x64\cl.exe
FinalizeBuildStatus:
  正在刪除檔案 "Debug\CompilerIdCXX.tlog\unsuccessfulbuild"。
  正在變更時間戳記 "Debug\CompilerIdCXX.tlog\CompilerIdCXX.lastbuildstate"。
專案 "D:\SDK\Release\vatek_sdk_2\extend\obs-vatek\bin\CMakeFiles\3.22.1\CompilerIdCXX\CompilerIdCXX.vcxproj" (預設目標) 建置完成。

建置成功。
    0 個警告
    0 個錯誤

經過時間 00:00:00.95


Compilation of the CXX compiler identification source "CMakeCXXCompilerId.cpp" produced "CompilerIdCXX.exe"

Compilation of the CXX compiler identification source "CMakeCXXCompilerId.cpp" produced "CompilerIdCXX.vcxproj"

The CXX compiler identification is MSVC, found in "D:/SDK/Release/vatek_sdk_2/extend/obs-vatek/bin/CMakeFiles/3.22.1/CompilerIdCXX/CompilerIdCXX.exe"

Detecting C compiler ABI info compiled with the following output:
Change Dir: D:/SDK/Release/vatek_sdk_2/extend/obs-vatek/bin/CMakeFiles/CMakeTmp

Run Build Command(s):C:/Program Files (x86)/Microsoft Visual Studio/2019/Community/MSBuild/Current/Bin/MSBuild.exe cmTC_879d8.vcxproj /p:Configuration=Debug /p:Platform=x64 /p:VisualStudioVersion=16.0 /v:m && Microsoft (R) Build Engine for .NET Framework 16.11.2+f32259642 版
Copyright (C) Microsoft Corporation. 著作權所有，並保留一切權利。

  Microsoft (R) C/C++ Optimizing Compiler Version 19.29.30137 for x64
  Copyright (C) Microsoft Corporation.  著作權所有，並保留一切權利。
  CMakeCCompilerABI.c
  cl /c /Zi /W1 /WX- /diagnostics:column /Od /Ob0 /D _MBCS /D WIN32 /D _WINDOWS /D "CMAKE_INTDIR=\"Debug\"" /Gm- /RTC1 /MDd /GS /fp:precise /Zc:wchar_t /Zc:forScope /Zc:inline /Fo"cmTC_879d8.dir\Debug\\" /Fd"cmTC_879d8.dir\Debug\vc142.pdb" /external:W1 /Gd /TC /errorReport:queue "C:\Users\richie_chang\Downloads\cmake-3.22.1-windows-x86_64\share\cmake-3.22\Modules\CMakeCCompilerABI.c"
  cmTC_879d8.vcxproj -> D:\SDK\Release\vatek_sdk_2\extend\obs-vatek\bin\CMakeFiles\CMakeTmp\Debug\cmTC_879d8.exe



Detecting CXX compiler ABI info compiled with the following output:
Change Dir: D:/SDK/Release/vatek_sdk_2/extend/obs-vatek/bin/CMakeFiles/CMakeTmp

Run Build Command(s):C:/Program Files (x86)/Microsoft Visual Studio/2019/Community/MSBuild/Current/Bin/MSBuild.exe cmTC_6df88.vcxproj /p:Configuration=Debug /p:Platform=x64 /p:VisualStudioVersion=16.0 /v:m && Microsoft (R) Build Engine for .NET Framework 16.11.2+f32259642 版
Copyright (C) Microsoft Corporation. 著作權所有，並保留一切權利。

  Microsoft (R) C/C++ Optimizing Compiler Version 19.29.30137 for x64
  Copyright (C) Microsoft Corporation.  著作權所有，並保留一切權利。
  CMakeCXXCompilerABI.cpp
  cl /c /Zi /W1 /WX- /diagnostics:column /Od /Ob0 /D _MBCS /D WIN32 /D _WINDOWS /D "CMAKE_INTDIR=\"Debug\"" /Gm- /EHsc /RTC1 /MDd /GS /fp:precise /Zc:wchar_t /Zc:forScope /Zc:inline /GR /Fo"cmTC_6df88.dir\Debug\\" /Fd"cmTC_6df88.dir\Debug\vc142.pdb" /external:W1 /Gd /TP /errorReport:queue "C:\Users\richie_chang\Downloads\cmake-3.22.1-windows-x86_64\share\cmake-3.22\Modules\CMakeCXXCompilerABI.cpp"
  cmTC_6df88.vcxproj -> D:\SDK\Release\vatek_sdk_2\extend\obs-vatek\bin\CMakeFiles\CMakeTmp\Debug\cmTC_6df88.exe



